nov 28, 2016 11:23:54 FM pizza.therealattacka.adressbook.LogHandler LogInfo
INFO: Application has Successfully started
nov 28, 2016 11:23:54 FM pizza.therealattacka.adressbook.LogHandler LogInfo
INFO: ContactList has been loaded from: Contacts
nov 28, 2016 11:23:54 FM pizza.therealattacka.adressbook.LogHandler LogInfo
INFO: Cleaning up old saved Serialized files inside: Contacts
nov 28, 2016 11:23:54 FM pizza.therealattacka.adressbook.LogHandler LogInfo
INFO: ContactList has been saved to: Contacts
nov 28, 2016 11:23:59 FM pizza.therealattacka.adressbook.LogHandler LogInfo
INFO: Cleaning up old saved Serialized files inside: Contacts
nov 28, 2016 11:23:59 FM pizza.therealattacka.adressbook.LogHandler LogInfo
INFO: ContactList has been saved to: Contacts
nov 28, 2016 11:23:59 FM pizza.therealattacka.adressbook.LogHandler LogInfo
INFO: AutoSave has saved the userList.
nov 28, 2016 11:24:04 FM pizza.therealattacka.adressbook.LogHandler LogInfo
INFO: Cleaning up old saved Serialized files inside: Contacts
nov 28, 2016 11:24:04 FM pizza.therealattacka.adressbook.LogHandler LogInfo
INFO: ContactList has been saved to: Contacts
nov 28, 2016 11:24:04 FM pizza.therealattacka.adressbook.LogHandler LogInfo
INFO: AutoSave has saved the userList.
nov 28, 2016 11:24:09 FM pizza.therealattacka.adressbook.LogHandler LogInfo
INFO: Cleaning up old saved Serialized files inside: Contacts
nov 28, 2016 11:24:09 FM pizza.therealattacka.adressbook.LogHandler LogInfo
INFO: ContactList has been saved to: Contacts
nov 28, 2016 11:24:09 FM pizza.therealattacka.adressbook.LogHandler LogInfo
INFO: AutoSave has saved the userList.
nov 28, 2016 11:24:14 FM pizza.therealattacka.adressbook.LogHandler LogInfo
INFO: Cleaning up old saved Serialized files inside: Contacts
nov 28, 2016 11:24:14 FM pizza.therealattacka.adressbook.LogHandler LogInfo
INFO: ContactList has been saved to: Contacts
nov 28, 2016 11:24:14 FM pizza.therealattacka.adressbook.LogHandler LogInfo
INFO: AutoSave has saved the userList.
nov 28, 2016 11:24:19 FM pizza.therealattacka.adressbook.LogHandler LogInfo
INFO: Cleaning up old saved Serialized files inside: Contacts
nov 28, 2016 11:24:19 FM pizza.therealattacka.adressbook.LogHandler LogInfo
INFO: ContactList has been saved to: Contacts
nov 28, 2016 11:24:19 FM pizza.therealattacka.adressbook.LogHandler LogInfo
INFO: AutoSave has saved the userList.
nov 28, 2016 11:24:24 FM pizza.therealattacka.adressbook.LogHandler LogInfo
INFO: Cleaning up old saved Serialized files inside: Contacts
nov 28, 2016 11:24:24 FM pizza.therealattacka.adressbook.LogHandler LogInfo
INFO: ContactList has been saved to: Contacts
nov 28, 2016 11:24:24 FM pizza.therealattacka.adressbook.LogHandler LogInfo
INFO: AutoSave has saved the userList.
nov 28, 2016 11:24:29 FM pizza.therealattacka.adressbook.LogHandler LogInfo
INFO: Cleaning up old saved Serialized files inside: Contacts
nov 28, 2016 11:24:29 FM pizza.therealattacka.adressbook.LogHandler LogInfo
INFO: ContactList has been saved to: Contacts
nov 28, 2016 11:24:29 FM pizza.therealattacka.adressbook.LogHandler LogInfo
INFO: AutoSave has saved the userList.
nov 28, 2016 11:24:34 FM pizza.therealattacka.adressbook.LogHandler LogInfo
INFO: Cleaning up old saved Serialized files inside: Contacts
nov 28, 2016 11:24:34 FM pizza.therealattacka.adressbook.LogHandler LogInfo
INFO: ContactList has been saved to: Contacts
nov 28, 2016 11:24:34 FM pizza.therealattacka.adressbook.LogHandler LogInfo
INFO: AutoSave has saved the userList.
nov 28, 2016 11:24:39 FM pizza.therealattacka.adressbook.LogHandler LogInfo
INFO: Cleaning up old saved Serialized files inside: Contacts
nov 28, 2016 11:24:39 FM pizza.therealattacka.adressbook.LogHandler LogInfo
INFO: ContactList has been saved to: Contacts
nov 28, 2016 11:24:39 FM pizza.therealattacka.adressbook.LogHandler LogInfo
INFO: AutoSave has saved the userList.
nov 28, 2016 11:24:44 FM pizza.therealattacka.adressbook.LogHandler LogInfo
INFO: Cleaning up old saved Serialized files inside: Contacts
nov 28, 2016 11:24:44 FM pizza.therealattacka.adressbook.LogHandler LogInfo
INFO: ContactList has been saved to: Contacts
nov 28, 2016 11:24:44 FM pizza.therealattacka.adressbook.LogHandler LogInfo
INFO: AutoSave has saved the userList.
nov 28, 2016 11:24:49 FM pizza.therealattacka.adressbook.LogHandler LogInfo
INFO: Cleaning up old saved Serialized files inside: Contacts
nov 28, 2016 11:24:49 FM pizza.therealattacka.adressbook.LogHandler LogInfo
INFO: ContactList has been saved to: Contacts
nov 28, 2016 11:24:49 FM pizza.therealattacka.adressbook.LogHandler LogInfo
INFO: AutoSave has saved the userList.
nov 28, 2016 11:24:54 FM pizza.therealattacka.adressbook.LogHandler LogInfo
INFO: Cleaning up old saved Serialized files inside: Contacts
nov 28, 2016 11:24:54 FM pizza.therealattacka.adressbook.LogHandler LogInfo
INFO: ContactList has been saved to: Contacts
nov 28, 2016 11:24:54 FM pizza.therealattacka.adressbook.LogHandler LogInfo
INFO: AutoSave has saved the userList.
nov 28, 2016 11:24:59 FM pizza.therealattacka.adressbook.LogHandler LogInfo
INFO: Cleaning up old saved Serialized files inside: Contacts
nov 28, 2016 11:24:59 FM pizza.therealattacka.adressbook.LogHandler LogInfo
INFO: ContactList has been saved to: Contacts
nov 28, 2016 11:24:59 FM pizza.therealattacka.adressbook.LogHandler LogInfo
INFO: AutoSave has saved the userList.
nov 28, 2016 11:25:04 FM pizza.therealattacka.adressbook.LogHandler LogInfo
INFO: Cleaning up old saved Serialized files inside: Contacts
nov 28, 2016 11:25:04 FM pizza.therealattacka.adressbook.LogHandler LogInfo
INFO: ContactList has been saved to: Contacts
nov 28, 2016 11:25:04 FM pizza.therealattacka.adressbook.LogHandler LogInfo
INFO: AutoSave has saved the userList.
nov 28, 2016 11:25:09 FM pizza.therealattacka.adressbook.LogHandler LogInfo
INFO: Cleaning up old saved Serialized files inside: Contacts
nov 28, 2016 11:25:09 FM pizza.therealattacka.adressbook.LogHandler LogInfo
INFO: ContactList has been saved to: Contacts
nov 28, 2016 11:25:09 FM pizza.therealattacka.adressbook.LogHandler LogInfo
INFO: AutoSave has saved the userList.
nov 28, 2016 11:25:14 FM pizza.therealattacka.adressbook.LogHandler LogInfo
INFO: Cleaning up old saved Serialized files inside: Contacts
nov 28, 2016 11:25:14 FM pizza.therealattacka.adressbook.LogHandler LogInfo
INFO: ContactList has been saved to: Contacts
nov 28, 2016 11:25:14 FM pizza.therealattacka.adressbook.LogHandler LogInfo
INFO: AutoSave has saved the userList.
nov 28, 2016 11:25:19 FM pizza.therealattacka.adressbook.LogHandler LogInfo
INFO: Cleaning up old saved Serialized files inside: Contacts
nov 28, 2016 11:25:19 FM pizza.therealattacka.adressbook.LogHandler LogInfo
INFO: ContactList has been saved to: Contacts
nov 28, 2016 11:25:19 FM pizza.therealattacka.adressbook.LogHandler LogInfo
INFO: AutoSave has saved the userList.
nov 28, 2016 11:25:24 FM pizza.therealattacka.adressbook.LogHandler LogInfo
INFO: Cleaning up old saved Serialized files inside: Contacts
nov 28, 2016 11:25:24 FM pizza.therealattacka.adressbook.LogHandler LogInfo
INFO: ContactList has been saved to: Contacts
nov 28, 2016 11:25:24 FM pizza.therealattacka.adressbook.LogHandler LogInfo
INFO: AutoSave has saved the userList.
nov 28, 2016 11:25:29 FM pizza.therealattacka.adressbook.LogHandler LogInfo
INFO: Cleaning up old saved Serialized files inside: Contacts
nov 28, 2016 11:25:29 FM pizza.therealattacka.adressbook.LogHandler LogInfo
INFO: ContactList has been saved to: Contacts
nov 28, 2016 11:25:29 FM pizza.therealattacka.adressbook.LogHandler LogInfo
INFO: AutoSave has saved the userList.
nov 28, 2016 11:25:34 FM pizza.therealattacka.adressbook.LogHandler LogInfo
INFO: Cleaning up old saved Serialized files inside: Contacts
nov 28, 2016 11:25:34 FM pizza.therealattacka.adressbook.LogHandler LogInfo
INFO: ContactList has been saved to: Contacts
nov 28, 2016 11:25:34 FM pizza.therealattacka.adressbook.LogHandler LogInfo
INFO: AutoSave has saved the userList.
nov 28, 2016 11:25:39 FM pizza.therealattacka.adressbook.LogHandler LogInfo
INFO: Cleaning up old saved Serialized files inside: Contacts
nov 28, 2016 11:25:39 FM pizza.therealattacka.adressbook.LogHandler LogInfo
INFO: ContactList has been saved to: Contacts
nov 28, 2016 11:25:39 FM pizza.therealattacka.adressbook.LogHandler LogInfo
INFO: AutoSave has saved the userList.
nov 28, 2016 11:25:44 FM pizza.therealattacka.adressbook.LogHandler LogInfo
INFO: Cleaning up old saved Serialized files inside: Contacts
nov 28, 2016 11:25:44 FM pizza.therealattacka.adressbook.LogHandler LogInfo
INFO: ContactList has been saved to: Contacts
nov 28, 2016 11:25:44 FM pizza.therealattacka.adressbook.LogHandler LogInfo
INFO: AutoSave has saved the userList.
nov 28, 2016 11:25:49 FM pizza.therealattacka.adressbook.LogHandler LogInfo
INFO: Cleaning up old saved Serialized files inside: Contacts
nov 28, 2016 11:25:49 FM pizza.therealattacka.adressbook.LogHandler LogInfo
INFO: ContactList has been saved to: Contacts
nov 28, 2016 11:25:49 FM pizza.therealattacka.adressbook.LogHandler LogInfo
INFO: AutoSave has saved the userList.
nov 28, 2016 11:25:54 FM pizza.therealattacka.adressbook.LogHandler LogInfo
INFO: Cleaning up old saved Serialized files inside: Contacts
nov 28, 2016 11:25:54 FM pizza.therealattacka.adressbook.LogHandler LogInfo
INFO: ContactList has been saved to: Contacts
nov 28, 2016 11:25:54 FM pizza.therealattacka.adressbook.LogHandler LogInfo
INFO: AutoSave has saved the userList.
nov 28, 2016 11:25:59 FM pizza.therealattacka.adressbook.LogHandler LogInfo
INFO: Cleaning up old saved Serialized files inside: Contacts
nov 28, 2016 11:25:59 FM pizza.therealattacka.adressbook.LogHandler LogInfo
INFO: ContactList has been saved to: Contacts
nov 28, 2016 11:25:59 FM pizza.therealattacka.adressbook.LogHandler LogInfo
INFO: AutoSave has saved the userList.
nov 28, 2016 11:26:04 FM pizza.therealattacka.adressbook.LogHandler LogInfo
INFO: Cleaning up old saved Serialized files inside: Contacts
nov 28, 2016 11:26:04 FM pizza.therealattacka.adressbook.LogHandler LogInfo
INFO: ContactList has been saved to: Contacts
nov 28, 2016 11:26:04 FM pizza.therealattacka.adressbook.LogHandler LogInfo
INFO: AutoSave has saved the userList.
nov 28, 2016 11:26:09 FM pizza.therealattacka.adressbook.LogHandler LogInfo
INFO: Cleaning up old saved Serialized files inside: Contacts
nov 28, 2016 11:26:09 FM pizza.therealattacka.adressbook.LogHandler LogInfo
INFO: ContactList has been saved to: Contacts
nov 28, 2016 11:26:09 FM pizza.therealattacka.adressbook.LogHandler LogInfo
INFO: AutoSave has saved the userList.
nov 28, 2016 11:26:14 FM pizza.therealattacka.adressbook.LogHandler LogInfo
INFO: Cleaning up old saved Serialized files inside: Contacts
nov 28, 2016 11:26:14 FM pizza.therealattacka.adressbook.LogHandler LogInfo
INFO: ContactList has been saved to: Contacts
nov 28, 2016 11:26:14 FM pizza.therealattacka.adressbook.LogHandler LogInfo
INFO: AutoSave has saved the userList.
nov 28, 2016 11:26:19 FM pizza.therealattacka.adressbook.LogHandler LogInfo
INFO: Cleaning up old saved Serialized files inside: Contacts
nov 28, 2016 11:26:19 FM pizza.therealattacka.adressbook.LogHandler LogInfo
INFO: ContactList has been saved to: Contacts
nov 28, 2016 11:26:19 FM pizza.therealattacka.adressbook.LogHandler LogInfo
INFO: AutoSave has saved the userList.
nov 28, 2016 11:26:24 FM pizza.therealattacka.adressbook.LogHandler LogInfo
INFO: Cleaning up old saved Serialized files inside: Contacts
nov 28, 2016 11:26:24 FM pizza.therealattacka.adressbook.LogHandler LogInfo
INFO: ContactList has been saved to: Contacts
nov 28, 2016 11:26:24 FM pizza.therealattacka.adressbook.LogHandler LogInfo
INFO: AutoSave has saved the userList.
nov 28, 2016 11:26:29 FM pizza.therealattacka.adressbook.LogHandler LogInfo
INFO: Cleaning up old saved Serialized files inside: Contacts
nov 28, 2016 11:26:29 FM pizza.therealattacka.adressbook.LogHandler LogInfo
INFO: ContactList has been saved to: Contacts
nov 28, 2016 11:26:29 FM pizza.therealattacka.adressbook.LogHandler LogInfo
INFO: AutoSave has saved the userList.
nov 28, 2016 11:26:34 FM pizza.therealattacka.adressbook.LogHandler LogInfo
INFO: Cleaning up old saved Serialized files inside: Contacts
nov 28, 2016 11:26:34 FM pizza.therealattacka.adressbook.LogHandler LogInfo
INFO: ContactList has been saved to: Contacts
nov 28, 2016 11:26:34 FM pizza.therealattacka.adressbook.LogHandler LogInfo
INFO: AutoSave has saved the userList.
nov 28, 2016 11:26:39 FM pizza.therealattacka.adressbook.LogHandler LogInfo
INFO: Cleaning up old saved Serialized files inside: Contacts
nov 28, 2016 11:26:39 FM pizza.therealattacka.adressbook.LogHandler LogInfo
INFO: ContactList has been saved to: Contacts
nov 28, 2016 11:26:39 FM pizza.therealattacka.adressbook.LogHandler LogInfo
INFO: AutoSave has saved the userList.
nov 28, 2016 11:26:44 FM pizza.therealattacka.adressbook.LogHandler LogInfo
INFO: Cleaning up old saved Serialized files inside: Contacts
nov 28, 2016 11:26:44 FM pizza.therealattacka.adressbook.LogHandler LogInfo
INFO: ContactList has been saved to: Contacts
nov 28, 2016 11:26:44 FM pizza.therealattacka.adressbook.LogHandler LogInfo
INFO: AutoSave has saved the userList.
nov 28, 2016 11:26:49 FM pizza.therealattacka.adressbook.LogHandler LogInfo
INFO: Cleaning up old saved Serialized files inside: Contacts
nov 28, 2016 11:26:49 FM pizza.therealattacka.adressbook.LogHandler LogInfo
INFO: ContactList has been saved to: Contacts
nov 28, 2016 11:26:49 FM pizza.therealattacka.adressbook.LogHandler LogInfo
INFO: AutoSave has saved the userList.
nov 28, 2016 11:26:54 FM pizza.therealattacka.adressbook.LogHandler LogInfo
INFO: Cleaning up old saved Serialized files inside: Contacts
nov 28, 2016 11:26:54 FM pizza.therealattacka.adressbook.LogHandler LogInfo
INFO: ContactList has been saved to: Contacts
nov 28, 2016 11:26:54 FM pizza.therealattacka.adressbook.LogHandler LogInfo
INFO: AutoSave has saved the userList.
nov 28, 2016 11:26:59 FM pizza.therealattacka.adressbook.LogHandler LogInfo
INFO: Cleaning up old saved Serialized files inside: Contacts
nov 28, 2016 11:26:59 FM pizza.therealattacka.adressbook.LogHandler LogInfo
INFO: ContactList has been saved to: Contacts
nov 28, 2016 11:26:59 FM pizza.therealattacka.adressbook.LogHandler LogInfo
INFO: AutoSave has saved the userList.
nov 28, 2016 11:27:04 FM pizza.therealattacka.adressbook.LogHandler LogInfo
INFO: Cleaning up old saved Serialized files inside: Contacts
nov 28, 2016 11:27:04 FM pizza.therealattacka.adressbook.LogHandler LogInfo
INFO: ContactList has been saved to: Contacts
nov 28, 2016 11:27:04 FM pizza.therealattacka.adressbook.LogHandler LogInfo
INFO: AutoSave has saved the userList.
nov 28, 2016 11:27:09 FM pizza.therealattacka.adressbook.LogHandler LogInfo
INFO: Cleaning up old saved Serialized files inside: Contacts
nov 28, 2016 11:27:09 FM pizza.therealattacka.adressbook.LogHandler LogInfo
INFO: ContactList has been saved to: Contacts
nov 28, 2016 11:27:09 FM pizza.therealattacka.adressbook.LogHandler LogInfo
INFO: AutoSave has saved the userList.
nov 28, 2016 11:27:14 FM pizza.therealattacka.adressbook.LogHandler LogInfo
INFO: Cleaning up old saved Serialized files inside: Contacts
nov 28, 2016 11:27:14 FM pizza.therealattacka.adressbook.LogHandler LogInfo
INFO: ContactList has been saved to: Contacts
nov 28, 2016 11:27:14 FM pizza.therealattacka.adressbook.LogHandler LogInfo
INFO: AutoSave has saved the userList.
nov 28, 2016 11:27:19 FM pizza.therealattacka.adressbook.LogHandler LogInfo
INFO: Cleaning up old saved Serialized files inside: Contacts
nov 28, 2016 11:27:19 FM pizza.therealattacka.adressbook.LogHandler LogInfo
INFO: ContactList has been saved to: Contacts
nov 28, 2016 11:27:19 FM pizza.therealattacka.adressbook.LogHandler LogInfo
INFO: AutoSave has saved the userList.
nov 28, 2016 11:27:24 FM pizza.therealattacka.adressbook.LogHandler LogInfo
INFO: Cleaning up old saved Serialized files inside: Contacts
nov 28, 2016 11:27:24 FM pizza.therealattacka.adressbook.LogHandler LogInfo
INFO: ContactList has been saved to: Contacts
nov 28, 2016 11:27:24 FM pizza.therealattacka.adressbook.LogHandler LogInfo
INFO: AutoSave has saved the userList.
nov 28, 2016 11:27:29 FM pizza.therealattacka.adressbook.LogHandler LogInfo
INFO: Cleaning up old saved Serialized files inside: Contacts
nov 28, 2016 11:27:29 FM pizza.therealattacka.adressbook.LogHandler LogInfo
INFO: ContactList has been saved to: Contacts
nov 28, 2016 11:27:29 FM pizza.therealattacka.adressbook.LogHandler LogInfo
INFO: AutoSave has saved the userList.
nov 28, 2016 11:27:34 FM pizza.therealattacka.adressbook.LogHandler LogInfo
INFO: Cleaning up old saved Serialized files inside: Contacts
nov 28, 2016 11:27:34 FM pizza.therealattacka.adressbook.LogHandler LogInfo
INFO: ContactList has been saved to: Contacts
nov 28, 2016 11:27:34 FM pizza.therealattacka.adressbook.LogHandler LogInfo
INFO: AutoSave has saved the userList.
nov 28, 2016 11:27:39 FM pizza.therealattacka.adressbook.LogHandler LogInfo
INFO: Cleaning up old saved Serialized files inside: Contacts
nov 28, 2016 11:27:39 FM pizza.therealattacka.adressbook.LogHandler LogInfo
INFO: ContactList has been saved to: Contacts
nov 28, 2016 11:27:39 FM pizza.therealattacka.adressbook.LogHandler LogInfo
INFO: AutoSave has saved the userList.
nov 28, 2016 11:27:44 FM pizza.therealattacka.adressbook.LogHandler LogInfo
INFO: Cleaning up old saved Serialized files inside: Contacts
nov 28, 2016 11:27:44 FM pizza.therealattacka.adressbook.LogHandler LogInfo
INFO: ContactList has been saved to: Contacts
nov 28, 2016 11:27:44 FM pizza.therealattacka.adressbook.LogHandler LogInfo
INFO: AutoSave has saved the userList.
nov 28, 2016 11:27:49 FM pizza.therealattacka.adressbook.LogHandler LogInfo
INFO: Cleaning up old saved Serialized files inside: Contacts
nov 28, 2016 11:27:49 FM pizza.therealattacka.adressbook.LogHandler LogInfo
INFO: ContactList has been saved to: Contacts
nov 28, 2016 11:27:49 FM pizza.therealattacka.adressbook.LogHandler LogInfo
INFO: AutoSave has saved the userList.
nov 28, 2016 11:27:54 FM pizza.therealattacka.adressbook.LogHandler LogInfo
INFO: Cleaning up old saved Serialized files inside: Contacts
nov 28, 2016 11:27:54 FM pizza.therealattacka.adressbook.LogHandler LogInfo
INFO: ContactList has been saved to: Contacts
nov 28, 2016 11:27:54 FM pizza.therealattacka.adressbook.LogHandler LogInfo
INFO: AutoSave has saved the userList.
nov 28, 2016 11:27:59 FM pizza.therealattacka.adressbook.LogHandler LogInfo
INFO: Cleaning up old saved Serialized files inside: Contacts
nov 28, 2016 11:28:00 FM pizza.therealattacka.adressbook.LogHandler LogInfo
INFO: ContactList has been saved to: Contacts
nov 28, 2016 11:28:00 FM pizza.therealattacka.adressbook.LogHandler LogInfo
INFO: AutoSave has saved the userList.
nov 28, 2016 11:28:05 FM pizza.therealattacka.adressbook.LogHandler LogInfo
INFO: Cleaning up old saved Serialized files inside: Contacts
nov 28, 2016 11:28:05 FM pizza.therealattacka.adressbook.LogHandler LogInfo
INFO: ContactList has been saved to: Contacts
nov 28, 2016 11:28:05 FM pizza.therealattacka.adressbook.LogHandler LogInfo
INFO: AutoSave has saved the userList.
nov 28, 2016 11:28:10 FM pizza.therealattacka.adressbook.LogHandler LogInfo
INFO: Cleaning up old saved Serialized files inside: Contacts
nov 28, 2016 11:28:10 FM pizza.therealattacka.adressbook.LogHandler LogInfo
INFO: ContactList has been saved to: Contacts
nov 28, 2016 11:28:10 FM pizza.therealattacka.adressbook.LogHandler LogInfo
INFO: AutoSave has saved the userList.
nov 28, 2016 11:28:15 FM pizza.therealattacka.adressbook.LogHandler LogInfo
INFO: Cleaning up old saved Serialized files inside: Contacts
nov 28, 2016 11:28:15 FM pizza.therealattacka.adressbook.LogHandler LogInfo
INFO: ContactList has been saved to: Contacts
nov 28, 2016 11:28:15 FM pizza.therealattacka.adressbook.LogHandler LogInfo
INFO: AutoSave has saved the userList.
nov 28, 2016 11:28:20 FM pizza.therealattacka.adressbook.LogHandler LogInfo
INFO: Cleaning up old saved Serialized files inside: Contacts
nov 28, 2016 11:28:20 FM pizza.therealattacka.adressbook.LogHandler LogInfo
INFO: ContactList has been saved to: Contacts
nov 28, 2016 11:28:20 FM pizza.therealattacka.adressbook.LogHandler LogInfo
INFO: AutoSave has saved the userList.
nov 28, 2016 11:28:25 FM pizza.therealattacka.adressbook.LogHandler LogInfo
INFO: Cleaning up old saved Serialized files inside: Contacts
nov 28, 2016 11:28:25 FM pizza.therealattacka.adressbook.LogHandler LogInfo
INFO: ContactList has been saved to: Contacts
nov 28, 2016 11:28:25 FM pizza.therealattacka.adressbook.LogHandler LogInfo
INFO: AutoSave has saved the userList.
nov 28, 2016 11:28:30 FM pizza.therealattacka.adressbook.LogHandler LogInfo
INFO: Cleaning up old saved Serialized files inside: Contacts
nov 28, 2016 11:28:30 FM pizza.therealattacka.adressbook.LogHandler LogInfo
INFO: ContactList has been saved to: Contacts
nov 28, 2016 11:28:30 FM pizza.therealattacka.adressbook.LogHandler LogInfo
INFO: AutoSave has saved the userList.
nov 28, 2016 11:28:35 FM pizza.therealattacka.adressbook.LogHandler LogInfo
INFO: Cleaning up old saved Serialized files inside: Contacts
nov 28, 2016 11:28:35 FM pizza.therealattacka.adressbook.LogHandler LogInfo
INFO: ContactList has been saved to: Contacts
nov 28, 2016 11:28:35 FM pizza.therealattacka.adressbook.LogHandler LogInfo
INFO: AutoSave has saved the userList.
nov 28, 2016 11:28:40 FM pizza.therealattacka.adressbook.LogHandler LogInfo
INFO: Cleaning up old saved Serialized files inside: Contacts
nov 28, 2016 11:28:40 FM pizza.therealattacka.adressbook.LogHandler LogInfo
INFO: ContactList has been saved to: Contacts
nov 28, 2016 11:28:40 FM pizza.therealattacka.adressbook.LogHandler LogInfo
INFO: AutoSave has saved the userList.
nov 28, 2016 11:28:45 FM pizza.therealattacka.adressbook.LogHandler LogInfo
INFO: Cleaning up old saved Serialized files inside: Contacts
nov 28, 2016 11:28:45 FM pizza.therealattacka.adressbook.LogHandler LogInfo
INFO: ContactList has been saved to: Contacts
nov 28, 2016 11:28:45 FM pizza.therealattacka.adressbook.LogHandler LogInfo
INFO: AutoSave has saved the userList.
nov 28, 2016 11:28:50 FM pizza.therealattacka.adressbook.LogHandler LogInfo
INFO: Cleaning up old saved Serialized files inside: Contacts
nov 28, 2016 11:28:50 FM pizza.therealattacka.adressbook.LogHandler LogInfo
INFO: ContactList has been saved to: Contacts
nov 28, 2016 11:28:50 FM pizza.therealattacka.adressbook.LogHandler LogInfo
INFO: AutoSave has saved the userList.
nov 28, 2016 11:28:55 FM pizza.therealattacka.adressbook.LogHandler LogInfo
INFO: Cleaning up old saved Serialized files inside: Contacts
nov 28, 2016 11:28:55 FM pizza.therealattacka.adressbook.LogHandler LogInfo
INFO: ContactList has been saved to: Contacts
nov 28, 2016 11:28:55 FM pizza.therealattacka.adressbook.LogHandler LogInfo
INFO: AutoSave has saved the userList.
nov 28, 2016 11:29:00 FM pizza.therealattacka.adressbook.LogHandler LogInfo
INFO: Cleaning up old saved Serialized files inside: Contacts
nov 28, 2016 11:29:00 FM pizza.therealattacka.adressbook.LogHandler LogInfo
INFO: ContactList has been saved to: Contacts
nov 28, 2016 11:29:00 FM pizza.therealattacka.adressbook.LogHandler LogInfo
INFO: AutoSave has saved the userList.
nov 28, 2016 11:29:05 FM pizza.therealattacka.adressbook.LogHandler LogInfo
INFO: Cleaning up old saved Serialized files inside: Contacts
nov 28, 2016 11:29:05 FM pizza.therealattacka.adressbook.LogHandler LogInfo
INFO: ContactList has been saved to: Contacts
nov 28, 2016 11:29:05 FM pizza.therealattacka.adressbook.LogHandler LogInfo
INFO: AutoSave has saved the userList.
nov 28, 2016 11:29:10 FM pizza.therealattacka.adressbook.LogHandler LogInfo
INFO: Cleaning up old saved Serialized files inside: Contacts
nov 28, 2016 11:29:10 FM pizza.therealattacka.adressbook.LogHandler LogInfo
INFO: ContactList has been saved to: Contacts
nov 28, 2016 11:29:10 FM pizza.therealattacka.adressbook.LogHandler LogInfo
INFO: AutoSave has saved the userList.
nov 28, 2016 11:29:15 FM pizza.therealattacka.adressbook.LogHandler LogInfo
INFO: Cleaning up old saved Serialized files inside: Contacts
nov 28, 2016 11:29:15 FM pizza.therealattacka.adressbook.LogHandler LogInfo
INFO: ContactList has been saved to: Contacts
nov 28, 2016 11:29:15 FM pizza.therealattacka.adressbook.LogHandler LogInfo
INFO: AutoSave has saved the userList.
nov 28, 2016 11:29:20 FM pizza.therealattacka.adressbook.LogHandler LogInfo
INFO: Cleaning up old saved Serialized files inside: Contacts
nov 28, 2016 11:29:20 FM pizza.therealattacka.adressbook.LogHandler LogInfo
INFO: ContactList has been saved to: Contacts
nov 28, 2016 11:29:20 FM pizza.therealattacka.adressbook.LogHandler LogInfo
INFO: AutoSave has saved the userList.
nov 28, 2016 11:29:25 FM pizza.therealattacka.adressbook.LogHandler LogInfo
INFO: Cleaning up old saved Serialized files inside: Contacts
nov 28, 2016 11:29:25 FM pizza.therealattacka.adressbook.LogHandler LogInfo
INFO: ContactList has been saved to: Contacts
nov 28, 2016 11:29:25 FM pizza.therealattacka.adressbook.LogHandler LogInfo
INFO: AutoSave has saved the userList.
nov 28, 2016 11:29:30 FM pizza.therealattacka.adressbook.LogHandler LogInfo
INFO: Cleaning up old saved Serialized files inside: Contacts
nov 28, 2016 11:29:30 FM pizza.therealattacka.adressbook.LogHandler LogInfo
INFO: ContactList has been saved to: Contacts
nov 28, 2016 11:29:30 FM pizza.therealattacka.adressbook.LogHandler LogInfo
INFO: AutoSave has saved the userList.
nov 28, 2016 11:29:35 FM pizza.therealattacka.adressbook.LogHandler LogInfo
INFO: Cleaning up old saved Serialized files inside: Contacts
nov 28, 2016 11:29:35 FM pizza.therealattacka.adressbook.LogHandler LogInfo
INFO: ContactList has been saved to: Contacts
nov 28, 2016 11:29:35 FM pizza.therealattacka.adressbook.LogHandler LogInfo
INFO: AutoSave has saved the userList.
nov 28, 2016 11:29:40 FM pizza.therealattacka.adressbook.LogHandler LogInfo
INFO: Cleaning up old saved Serialized files inside: Contacts
nov 28, 2016 11:29:40 FM pizza.therealattacka.adressbook.LogHandler LogInfo
INFO: ContactList has been saved to: Contacts
nov 28, 2016 11:29:40 FM pizza.therealattacka.adressbook.LogHandler LogInfo
INFO: AutoSave has saved the userList.
nov 28, 2016 11:29:45 FM pizza.therealattacka.adressbook.LogHandler LogInfo
INFO: Cleaning up old saved Serialized files inside: Contacts
nov 28, 2016 11:29:45 FM pizza.therealattacka.adressbook.LogHandler LogInfo
INFO: ContactList has been saved to: Contacts
nov 28, 2016 11:29:45 FM pizza.therealattacka.adressbook.LogHandler LogInfo
INFO: AutoSave has saved the userList.
nov 28, 2016 11:29:50 FM pizza.therealattacka.adressbook.LogHandler LogInfo
INFO: Cleaning up old saved Serialized files inside: Contacts
nov 28, 2016 11:29:50 FM pizza.therealattacka.adressbook.LogHandler LogInfo
INFO: ContactList has been saved to: Contacts
nov 28, 2016 11:29:50 FM pizza.therealattacka.adressbook.LogHandler LogInfo
INFO: AutoSave has saved the userList.
nov 28, 2016 11:29:55 FM pizza.therealattacka.adressbook.LogHandler LogInfo
INFO: Cleaning up old saved Serialized files inside: Contacts
nov 28, 2016 11:29:55 FM pizza.therealattacka.adressbook.LogHandler LogInfo
INFO: ContactList has been saved to: Contacts
nov 28, 2016 11:29:55 FM pizza.therealattacka.adressbook.LogHandler LogInfo
INFO: AutoSave has saved the userList.
nov 28, 2016 11:30:00 FM pizza.therealattacka.adressbook.LogHandler LogInfo
INFO: Cleaning up old saved Serialized files inside: Contacts
nov 28, 2016 11:30:00 FM pizza.therealattacka.adressbook.LogHandler LogInfo
INFO: ContactList has been saved to: Contacts
nov 28, 2016 11:30:00 FM pizza.therealattacka.adressbook.LogHandler LogInfo
INFO: AutoSave has saved the userList.
nov 28, 2016 11:30:05 FM pizza.therealattacka.adressbook.LogHandler LogInfo
INFO: Cleaning up old saved Serialized files inside: Contacts
nov 28, 2016 11:30:05 FM pizza.therealattacka.adressbook.LogHandler LogInfo
INFO: ContactList has been saved to: Contacts
nov 28, 2016 11:30:05 FM pizza.therealattacka.adressbook.LogHandler LogInfo
INFO: AutoSave has saved the userList.
nov 28, 2016 11:30:10 FM pizza.therealattacka.adressbook.LogHandler LogInfo
INFO: Cleaning up old saved Serialized files inside: Contacts
nov 28, 2016 11:30:10 FM pizza.therealattacka.adressbook.LogHandler LogInfo
INFO: ContactList has been saved to: Contacts
nov 28, 2016 11:30:10 FM pizza.therealattacka.adressbook.LogHandler LogInfo
INFO: AutoSave has saved the userList.
nov 28, 2016 11:30:15 FM pizza.therealattacka.adressbook.LogHandler LogInfo
INFO: Cleaning up old saved Serialized files inside: Contacts
nov 28, 2016 11:30:15 FM pizza.therealattacka.adressbook.LogHandler LogInfo
INFO: ContactList has been saved to: Contacts
nov 28, 2016 11:30:15 FM pizza.therealattacka.adressbook.LogHandler LogInfo
INFO: AutoSave has saved the userList.
nov 28, 2016 11:30:20 FM pizza.therealattacka.adressbook.LogHandler LogInfo
INFO: Cleaning up old saved Serialized files inside: Contacts
nov 28, 2016 11:30:20 FM pizza.therealattacka.adressbook.LogHandler LogInfo
INFO: ContactList has been saved to: Contacts
nov 28, 2016 11:30:20 FM pizza.therealattacka.adressbook.LogHandler LogInfo
INFO: AutoSave has saved the userList.
nov 28, 2016 11:30:25 FM pizza.therealattacka.adressbook.LogHandler LogInfo
INFO: Cleaning up old saved Serialized files inside: Contacts
nov 28, 2016 11:30:25 FM pizza.therealattacka.adressbook.LogHandler LogInfo
INFO: ContactList has been saved to: Contacts
nov 28, 2016 11:30:25 FM pizza.therealattacka.adressbook.LogHandler LogInfo
INFO: AutoSave has saved the userList.
nov 28, 2016 11:30:30 FM pizza.therealattacka.adressbook.LogHandler LogInfo
INFO: Cleaning up old saved Serialized files inside: Contacts
nov 28, 2016 11:30:30 FM pizza.therealattacka.adressbook.LogHandler LogInfo
INFO: ContactList has been saved to: Contacts
nov 28, 2016 11:30:30 FM pizza.therealattacka.adressbook.LogHandler LogInfo
INFO: AutoSave has saved the userList.
nov 28, 2016 11:30:35 FM pizza.therealattacka.adressbook.LogHandler LogInfo
INFO: Cleaning up old saved Serialized files inside: Contacts
nov 28, 2016 11:30:35 FM pizza.therealattacka.adressbook.LogHandler LogInfo
INFO: ContactList has been saved to: Contacts
nov 28, 2016 11:30:35 FM pizza.therealattacka.adressbook.LogHandler LogInfo
INFO: AutoSave has saved the userList.
nov 28, 2016 11:30:40 FM pizza.therealattacka.adressbook.LogHandler LogInfo
INFO: Cleaning up old saved Serialized files inside: Contacts
nov 28, 2016 11:30:40 FM pizza.therealattacka.adressbook.LogHandler LogInfo
INFO: ContactList has been saved to: Contacts
nov 28, 2016 11:30:40 FM pizza.therealattacka.adressbook.LogHandler LogInfo
INFO: AutoSave has saved the userList.
nov 28, 2016 11:30:45 FM pizza.therealattacka.adressbook.LogHandler LogInfo
INFO: Cleaning up old saved Serialized files inside: Contacts
nov 28, 2016 11:30:45 FM pizza.therealattacka.adressbook.LogHandler LogInfo
INFO: ContactList has been saved to: Contacts
nov 28, 2016 11:30:45 FM pizza.therealattacka.adressbook.LogHandler LogInfo
INFO: AutoSave has saved the userList.
nov 28, 2016 11:30:50 FM pizza.therealattacka.adressbook.LogHandler LogInfo
INFO: Cleaning up old saved Serialized files inside: Contacts
nov 28, 2016 11:30:50 FM pizza.therealattacka.adressbook.LogHandler LogInfo
INFO: ContactList has been saved to: Contacts
nov 28, 2016 11:30:50 FM pizza.therealattacka.adressbook.LogHandler LogInfo
INFO: AutoSave has saved the userList.
nov 28, 2016 11:30:55 FM pizza.therealattacka.adressbook.LogHandler LogInfo
INFO: Cleaning up old saved Serialized files inside: Contacts
nov 28, 2016 11:30:55 FM pizza.therealattacka.adressbook.LogHandler LogInfo
INFO: ContactList has been saved to: Contacts
nov 28, 2016 11:30:55 FM pizza.therealattacka.adressbook.LogHandler LogInfo
INFO: AutoSave has saved the userList.
nov 28, 2016 11:31:00 FM pizza.therealattacka.adressbook.LogHandler LogInfo
INFO: Cleaning up old saved Serialized files inside: Contacts
nov 28, 2016 11:31:00 FM pizza.therealattacka.adressbook.LogHandler LogInfo
INFO: ContactList has been saved to: Contacts
nov 28, 2016 11:31:00 FM pizza.therealattacka.adressbook.LogHandler LogInfo
INFO: AutoSave has saved the userList.
nov 28, 2016 11:31:05 FM pizza.therealattacka.adressbook.LogHandler LogInfo
INFO: Cleaning up old saved Serialized files inside: Contacts
nov 28, 2016 11:31:05 FM pizza.therealattacka.adressbook.LogHandler LogInfo
INFO: ContactList has been saved to: Contacts
nov 28, 2016 11:31:05 FM pizza.therealattacka.adressbook.LogHandler LogInfo
INFO: AutoSave has saved the userList.
nov 28, 2016 11:31:10 FM pizza.therealattacka.adressbook.LogHandler LogInfo
INFO: Cleaning up old saved Serialized files inside: Contacts
nov 28, 2016 11:31:10 FM pizza.therealattacka.adressbook.LogHandler LogInfo
INFO: ContactList has been saved to: Contacts
nov 28, 2016 11:31:10 FM pizza.therealattacka.adressbook.LogHandler LogInfo
INFO: AutoSave has saved the userList.
nov 28, 2016 11:31:15 FM pizza.therealattacka.adressbook.LogHandler LogInfo
INFO: Cleaning up old saved Serialized files inside: Contacts
nov 28, 2016 11:31:15 FM pizza.therealattacka.adressbook.LogHandler LogInfo
INFO: ContactList has been saved to: Contacts
nov 28, 2016 11:31:15 FM pizza.therealattacka.adressbook.LogHandler LogInfo
INFO: AutoSave has saved the userList.
nov 28, 2016 11:31:20 FM pizza.therealattacka.adressbook.LogHandler LogInfo
INFO: Cleaning up old saved Serialized files inside: Contacts
nov 28, 2016 11:31:20 FM pizza.therealattacka.adressbook.LogHandler LogInfo
INFO: ContactList has been saved to: Contacts
nov 28, 2016 11:31:20 FM pizza.therealattacka.adressbook.LogHandler LogInfo
INFO: AutoSave has saved the userList.
nov 28, 2016 11:31:25 FM pizza.therealattacka.adressbook.LogHandler LogInfo
INFO: Cleaning up old saved Serialized files inside: Contacts
nov 28, 2016 11:31:25 FM pizza.therealattacka.adressbook.LogHandler LogInfo
INFO: ContactList has been saved to: Contacts
nov 28, 2016 11:31:25 FM pizza.therealattacka.adressbook.LogHandler LogInfo
INFO: AutoSave has saved the userList.
nov 28, 2016 11:31:30 FM pizza.therealattacka.adressbook.LogHandler LogInfo
INFO: Cleaning up old saved Serialized files inside: Contacts
nov 28, 2016 11:31:30 FM pizza.therealattacka.adressbook.LogHandler LogInfo
INFO: ContactList has been saved to: Contacts
nov 28, 2016 11:31:30 FM pizza.therealattacka.adressbook.LogHandler LogInfo
INFO: AutoSave has saved the userList.
nov 28, 2016 11:31:35 FM pizza.therealattacka.adressbook.LogHandler LogInfo
INFO: Cleaning up old saved Serialized files inside: Contacts
nov 28, 2016 11:31:35 FM pizza.therealattacka.adressbook.LogHandler LogInfo
INFO: ContactList has been saved to: Contacts
nov 28, 2016 11:31:35 FM pizza.therealattacka.adressbook.LogHandler LogInfo
INFO: AutoSave has saved the userList.
nov 28, 2016 11:31:40 FM pizza.therealattacka.adressbook.LogHandler LogInfo
INFO: Cleaning up old saved Serialized files inside: Contacts
nov 28, 2016 11:31:40 FM pizza.therealattacka.adressbook.LogHandler LogInfo
INFO: ContactList has been saved to: Contacts
nov 28, 2016 11:31:40 FM pizza.therealattacka.adressbook.LogHandler LogInfo
INFO: AutoSave has saved the userList.
nov 28, 2016 11:31:45 FM pizza.therealattacka.adressbook.LogHandler LogInfo
INFO: Cleaning up old saved Serialized files inside: Contacts
nov 28, 2016 11:31:45 FM pizza.therealattacka.adressbook.LogHandler LogInfo
INFO: ContactList has been saved to: Contacts
nov 28, 2016 11:31:45 FM pizza.therealattacka.adressbook.LogHandler LogInfo
INFO: AutoSave has saved the userList.
nov 28, 2016 11:31:50 FM pizza.therealattacka.adressbook.LogHandler LogInfo
INFO: Cleaning up old saved Serialized files inside: Contacts
nov 28, 2016 11:31:50 FM pizza.therealattacka.adressbook.LogHandler LogInfo
INFO: ContactList has been saved to: Contacts
nov 28, 2016 11:31:50 FM pizza.therealattacka.adressbook.LogHandler LogInfo
INFO: AutoSave has saved the userList.
nov 28, 2016 11:31:55 FM pizza.therealattacka.adressbook.LogHandler LogInfo
INFO: Cleaning up old saved Serialized files inside: Contacts
nov 28, 2016 11:31:55 FM pizza.therealattacka.adressbook.LogHandler LogInfo
INFO: ContactList has been saved to: Contacts
nov 28, 2016 11:31:55 FM pizza.therealattacka.adressbook.LogHandler LogInfo
INFO: AutoSave has saved the userList.
nov 28, 2016 11:32:00 FM pizza.therealattacka.adressbook.LogHandler LogInfo
INFO: Cleaning up old saved Serialized files inside: Contacts
nov 28, 2016 11:32:00 FM pizza.therealattacka.adressbook.LogHandler LogInfo
INFO: ContactList has been saved to: Contacts
nov 28, 2016 11:32:00 FM pizza.therealattacka.adressbook.LogHandler LogInfo
INFO: AutoSave has saved the userList.
nov 28, 2016 11:32:05 FM pizza.therealattacka.adressbook.LogHandler LogInfo
INFO: Cleaning up old saved Serialized files inside: Contacts
nov 28, 2016 11:32:05 FM pizza.therealattacka.adressbook.LogHandler LogInfo
INFO: ContactList has been saved to: Contacts
nov 28, 2016 11:32:05 FM pizza.therealattacka.adressbook.LogHandler LogInfo
INFO: AutoSave has saved the userList.
nov 28, 2016 11:32:10 FM pizza.therealattacka.adressbook.LogHandler LogInfo
INFO: Cleaning up old saved Serialized files inside: Contacts
nov 28, 2016 11:32:10 FM pizza.therealattacka.adressbook.LogHandler LogInfo
INFO: ContactList has been saved to: Contacts
nov 28, 2016 11:32:10 FM pizza.therealattacka.adressbook.LogHandler LogInfo
INFO: AutoSave has saved the userList.
nov 28, 2016 11:32:15 FM pizza.therealattacka.adressbook.LogHandler LogInfo
INFO: Cleaning up old saved Serialized files inside: Contacts
nov 28, 2016 11:32:15 FM pizza.therealattacka.adressbook.LogHandler LogInfo
INFO: ContactList has been saved to: Contacts
nov 28, 2016 11:32:15 FM pizza.therealattacka.adressbook.LogHandler LogInfo
INFO: AutoSave has saved the userList.
nov 28, 2016 11:32:20 FM pizza.therealattacka.adressbook.LogHandler LogInfo
INFO: Cleaning up old saved Serialized files inside: Contacts
nov 28, 2016 11:32:20 FM pizza.therealattacka.adressbook.LogHandler LogInfo
INFO: ContactList has been saved to: Contacts
nov 28, 2016 11:32:20 FM pizza.therealattacka.adressbook.LogHandler LogInfo
INFO: AutoSave has saved the userList.
nov 28, 2016 11:32:25 FM pizza.therealattacka.adressbook.LogHandler LogInfo
INFO: Cleaning up old saved Serialized files inside: Contacts
nov 28, 2016 11:32:25 FM pizza.therealattacka.adressbook.LogHandler LogInfo
INFO: ContactList has been saved to: Contacts
nov 28, 2016 11:32:25 FM pizza.therealattacka.adressbook.LogHandler LogInfo
INFO: AutoSave has saved the userList.
nov 28, 2016 11:32:30 FM pizza.therealattacka.adressbook.LogHandler LogInfo
INFO: Cleaning up old saved Serialized files inside: Contacts
nov 28, 2016 11:32:30 FM pizza.therealattacka.adressbook.LogHandler LogInfo
INFO: ContactList has been saved to: Contacts
nov 28, 2016 11:32:30 FM pizza.therealattacka.adressbook.LogHandler LogInfo
INFO: AutoSave has saved the userList.
nov 28, 2016 11:32:35 FM pizza.therealattacka.adressbook.LogHandler LogInfo
INFO: Cleaning up old saved Serialized files inside: Contacts
nov 28, 2016 11:32:35 FM pizza.therealattacka.adressbook.LogHandler LogInfo
INFO: ContactList has been saved to: Contacts
nov 28, 2016 11:32:35 FM pizza.therealattacka.adressbook.LogHandler LogInfo
INFO: AutoSave has saved the userList.
nov 28, 2016 11:32:40 FM pizza.therealattacka.adressbook.LogHandler LogInfo
INFO: Cleaning up old saved Serialized files inside: Contacts
nov 28, 2016 11:32:40 FM pizza.therealattacka.adressbook.LogHandler LogInfo
INFO: ContactList has been saved to: Contacts
nov 28, 2016 11:32:40 FM pizza.therealattacka.adressbook.LogHandler LogInfo
INFO: AutoSave has saved the userList.
nov 28, 2016 11:32:45 FM pizza.therealattacka.adressbook.LogHandler LogInfo
INFO: Cleaning up old saved Serialized files inside: Contacts
nov 28, 2016 11:32:45 FM pizza.therealattacka.adressbook.LogHandler LogInfo
INFO: ContactList has been saved to: Contacts
nov 28, 2016 11:32:45 FM pizza.therealattacka.adressbook.LogHandler LogInfo
INFO: AutoSave has saved the userList.
nov 28, 2016 11:32:50 FM pizza.therealattacka.adressbook.LogHandler LogInfo
INFO: Cleaning up old saved Serialized files inside: Contacts
nov 28, 2016 11:32:50 FM pizza.therealattacka.adressbook.LogHandler LogInfo
INFO: ContactList has been saved to: Contacts
nov 28, 2016 11:32:50 FM pizza.therealattacka.adressbook.LogHandler LogInfo
INFO: AutoSave has saved the userList.
nov 28, 2016 11:32:55 FM pizza.therealattacka.adressbook.LogHandler LogInfo
INFO: Cleaning up old saved Serialized files inside: Contacts
nov 28, 2016 11:32:55 FM pizza.therealattacka.adressbook.LogHandler LogInfo
INFO: ContactList has been saved to: Contacts
nov 28, 2016 11:32:55 FM pizza.therealattacka.adressbook.LogHandler LogInfo
INFO: AutoSave has saved the userList.
nov 28, 2016 11:33:00 FM pizza.therealattacka.adressbook.LogHandler LogInfo
INFO: Cleaning up old saved Serialized files inside: Contacts
nov 28, 2016 11:33:00 FM pizza.therealattacka.adressbook.LogHandler LogInfo
INFO: ContactList has been saved to: Contacts
nov 28, 2016 11:33:00 FM pizza.therealattacka.adressbook.LogHandler LogInfo
INFO: AutoSave has saved the userList.
nov 28, 2016 11:33:05 FM pizza.therealattacka.adressbook.LogHandler LogInfo
INFO: Cleaning up old saved Serialized files inside: Contacts
nov 28, 2016 11:33:05 FM pizza.therealattacka.adressbook.LogHandler LogInfo
INFO: ContactList has been saved to: Contacts
nov 28, 2016 11:33:05 FM pizza.therealattacka.adressbook.LogHandler LogInfo
INFO: AutoSave has saved the userList.
nov 28, 2016 11:33:10 FM pizza.therealattacka.adressbook.LogHandler LogInfo
INFO: Cleaning up old saved Serialized files inside: Contacts
nov 28, 2016 11:33:10 FM pizza.therealattacka.adressbook.LogHandler LogInfo
INFO: ContactList has been saved to: Contacts
nov 28, 2016 11:33:10 FM pizza.therealattacka.adressbook.LogHandler LogInfo
INFO: AutoSave has saved the userList.
nov 28, 2016 11:33:15 FM pizza.therealattacka.adressbook.LogHandler LogInfo
INFO: Cleaning up old saved Serialized files inside: Contacts
nov 28, 2016 11:33:15 FM pizza.therealattacka.adressbook.LogHandler LogInfo
INFO: ContactList has been saved to: Contacts
nov 28, 2016 11:33:15 FM pizza.therealattacka.adressbook.LogHandler LogInfo
INFO: AutoSave has saved the userList.
nov 28, 2016 11:33:20 FM pizza.therealattacka.adressbook.LogHandler LogInfo
INFO: Cleaning up old saved Serialized files inside: Contacts
nov 28, 2016 11:33:20 FM pizza.therealattacka.adressbook.LogHandler LogInfo
INFO: ContactList has been saved to: Contacts
nov 28, 2016 11:33:20 FM pizza.therealattacka.adressbook.LogHandler LogInfo
INFO: AutoSave has saved the userList.
nov 28, 2016 11:33:25 FM pizza.therealattacka.adressbook.LogHandler LogInfo
INFO: Cleaning up old saved Serialized files inside: Contacts
nov 28, 2016 11:33:25 FM pizza.therealattacka.adressbook.LogHandler LogInfo
INFO: ContactList has been saved to: Contacts
nov 28, 2016 11:33:25 FM pizza.therealattacka.adressbook.LogHandler LogInfo
INFO: AutoSave has saved the userList.
nov 28, 2016 11:33:30 FM pizza.therealattacka.adressbook.LogHandler LogInfo
INFO: Cleaning up old saved Serialized files inside: Contacts
nov 28, 2016 11:33:30 FM pizza.therealattacka.adressbook.LogHandler LogInfo
INFO: ContactList has been saved to: Contacts
nov 28, 2016 11:33:30 FM pizza.therealattacka.adressbook.LogHandler LogInfo
INFO: AutoSave has saved the userList.
nov 28, 2016 11:33:35 FM pizza.therealattacka.adressbook.LogHandler LogInfo
INFO: Cleaning up old saved Serialized files inside: Contacts
nov 28, 2016 11:33:35 FM pizza.therealattacka.adressbook.LogHandler LogInfo
INFO: ContactList has been saved to: Contacts
nov 28, 2016 11:33:35 FM pizza.therealattacka.adressbook.LogHandler LogInfo
INFO: AutoSave has saved the userList.
nov 28, 2016 11:33:40 FM pizza.therealattacka.adressbook.LogHandler LogInfo
INFO: Cleaning up old saved Serialized files inside: Contacts
nov 28, 2016 11:33:40 FM pizza.therealattacka.adressbook.LogHandler LogInfo
INFO: ContactList has been saved to: Contacts
nov 28, 2016 11:33:40 FM pizza.therealattacka.adressbook.LogHandler LogInfo
INFO: AutoSave has saved the userList.
nov 28, 2016 11:33:45 FM pizza.therealattacka.adressbook.LogHandler LogInfo
INFO: Cleaning up old saved Serialized files inside: Contacts
nov 28, 2016 11:33:45 FM pizza.therealattacka.adressbook.LogHandler LogInfo
INFO: ContactList has been saved to: Contacts
nov 28, 2016 11:33:45 FM pizza.therealattacka.adressbook.LogHandler LogInfo
INFO: AutoSave has saved the userList.
nov 28, 2016 11:33:50 FM pizza.therealattacka.adressbook.LogHandler LogInfo
INFO: Cleaning up old saved Serialized files inside: Contacts
nov 28, 2016 11:33:50 FM pizza.therealattacka.adressbook.LogHandler LogInfo
INFO: ContactList has been saved to: Contacts
nov 28, 2016 11:33:50 FM pizza.therealattacka.adressbook.LogHandler LogInfo
INFO: AutoSave has saved the userList.
nov 28, 2016 11:33:55 FM pizza.therealattacka.adressbook.LogHandler LogInfo
INFO: Cleaning up old saved Serialized files inside: Contacts
nov 28, 2016 11:33:56 FM pizza.therealattacka.adressbook.LogHandler LogInfo
INFO: ContactList has been saved to: Contacts
nov 28, 2016 11:33:56 FM pizza.therealattacka.adressbook.LogHandler LogInfo
INFO: AutoSave has saved the userList.
nov 28, 2016 11:34:01 FM pizza.therealattacka.adressbook.LogHandler LogInfo
INFO: Cleaning up old saved Serialized files inside: Contacts
nov 28, 2016 11:34:01 FM pizza.therealattacka.adressbook.LogHandler LogInfo
INFO: ContactList has been saved to: Contacts
nov 28, 2016 11:34:01 FM pizza.therealattacka.adressbook.LogHandler LogInfo
INFO: AutoSave has saved the userList.
nov 28, 2016 11:34:06 FM pizza.therealattacka.adressbook.LogHandler LogInfo
INFO: Cleaning up old saved Serialized files inside: Contacts
nov 28, 2016 11:34:06 FM pizza.therealattacka.adressbook.LogHandler LogInfo
INFO: ContactList has been saved to: Contacts
nov 28, 2016 11:34:06 FM pizza.therealattacka.adressbook.LogHandler LogInfo
INFO: AutoSave has saved the userList.
nov 28, 2016 11:34:11 FM pizza.therealattacka.adressbook.LogHandler LogInfo
INFO: Cleaning up old saved Serialized files inside: Contacts
nov 28, 2016 11:34:11 FM pizza.therealattacka.adressbook.LogHandler LogInfo
INFO: ContactList has been saved to: Contacts
nov 28, 2016 11:34:11 FM pizza.therealattacka.adressbook.LogHandler LogInfo
INFO: AutoSave has saved the userList.
nov 28, 2016 11:34:16 FM pizza.therealattacka.adressbook.LogHandler LogInfo
INFO: Cleaning up old saved Serialized files inside: Contacts
nov 28, 2016 11:34:16 FM pizza.therealattacka.adressbook.LogHandler LogInfo
INFO: ContactList has been saved to: Contacts
nov 28, 2016 11:34:16 FM pizza.therealattacka.adressbook.LogHandler LogInfo
INFO: AutoSave has saved the userList.
nov 28, 2016 11:34:21 FM pizza.therealattacka.adressbook.LogHandler LogInfo
INFO: Cleaning up old saved Serialized files inside: Contacts
nov 28, 2016 11:34:21 FM pizza.therealattacka.adressbook.LogHandler LogInfo
INFO: ContactList has been saved to: Contacts
nov 28, 2016 11:34:21 FM pizza.therealattacka.adressbook.LogHandler LogInfo
INFO: AutoSave has saved the userList.
nov 28, 2016 11:34:26 FM pizza.therealattacka.adressbook.LogHandler LogInfo
INFO: Cleaning up old saved Serialized files inside: Contacts
nov 28, 2016 11:34:26 FM pizza.therealattacka.adressbook.LogHandler LogInfo
INFO: ContactList has been saved to: Contacts
nov 28, 2016 11:34:26 FM pizza.therealattacka.adressbook.LogHandler LogInfo
INFO: AutoSave has saved the userList.
nov 28, 2016 11:34:31 FM pizza.therealattacka.adressbook.LogHandler LogInfo
INFO: Cleaning up old saved Serialized files inside: Contacts
nov 28, 2016 11:34:31 FM pizza.therealattacka.adressbook.LogHandler LogInfo
INFO: ContactList has been saved to: Contacts
nov 28, 2016 11:34:31 FM pizza.therealattacka.adressbook.LogHandler LogInfo
INFO: AutoSave has saved the userList.
nov 28, 2016 11:34:36 FM pizza.therealattacka.adressbook.LogHandler LogInfo
INFO: Cleaning up old saved Serialized files inside: Contacts
nov 28, 2016 11:34:36 FM pizza.therealattacka.adressbook.LogHandler LogInfo
INFO: ContactList has been saved to: Contacts
nov 28, 2016 11:34:36 FM pizza.therealattacka.adressbook.LogHandler LogInfo
INFO: AutoSave has saved the userList.
nov 28, 2016 11:34:41 FM pizza.therealattacka.adressbook.LogHandler LogInfo
INFO: Cleaning up old saved Serialized files inside: Contacts
nov 28, 2016 11:34:41 FM pizza.therealattacka.adressbook.LogHandler LogInfo
INFO: ContactList has been saved to: Contacts
nov 28, 2016 11:34:41 FM pizza.therealattacka.adressbook.LogHandler LogInfo
INFO: AutoSave has saved the userList.
nov 28, 2016 11:34:46 FM pizza.therealattacka.adressbook.LogHandler LogInfo
INFO: Cleaning up old saved Serialized files inside: Contacts
nov 28, 2016 11:34:46 FM pizza.therealattacka.adressbook.LogHandler LogInfo
INFO: ContactList has been saved to: Contacts
nov 28, 2016 11:34:46 FM pizza.therealattacka.adressbook.LogHandler LogInfo
INFO: AutoSave has saved the userList.
nov 28, 2016 11:34:51 FM pizza.therealattacka.adressbook.LogHandler LogInfo
INFO: Cleaning up old saved Serialized files inside: Contacts
nov 28, 2016 11:34:51 FM pizza.therealattacka.adressbook.LogHandler LogInfo
INFO: ContactList has been saved to: Contacts
nov 28, 2016 11:34:51 FM pizza.therealattacka.adressbook.LogHandler LogInfo
INFO: AutoSave has saved the userList.
nov 28, 2016 11:34:56 FM pizza.therealattacka.adressbook.LogHandler LogInfo
INFO: Cleaning up old saved Serialized files inside: Contacts
nov 28, 2016 11:34:56 FM pizza.therealattacka.adressbook.LogHandler LogInfo
INFO: ContactList has been saved to: Contacts
nov 28, 2016 11:34:56 FM pizza.therealattacka.adressbook.LogHandler LogInfo
INFO: AutoSave has saved the userList.
nov 28, 2016 11:35:01 FM pizza.therealattacka.adressbook.LogHandler LogInfo
INFO: Cleaning up old saved Serialized files inside: Contacts
nov 28, 2016 11:35:01 FM pizza.therealattacka.adressbook.LogHandler LogInfo
INFO: ContactList has been saved to: Contacts
nov 28, 2016 11:35:01 FM pizza.therealattacka.adressbook.LogHandler LogInfo
INFO: AutoSave has saved the userList.
nov 28, 2016 11:35:06 FM pizza.therealattacka.adressbook.LogHandler LogInfo
INFO: Cleaning up old saved Serialized files inside: Contacts
nov 28, 2016 11:35:06 FM pizza.therealattacka.adressbook.LogHandler LogInfo
INFO: ContactList has been saved to: Contacts
nov 28, 2016 11:35:06 FM pizza.therealattacka.adressbook.LogHandler LogInfo
INFO: AutoSave has saved the userList.
nov 28, 2016 11:35:11 FM pizza.therealattacka.adressbook.LogHandler LogInfo
INFO: Cleaning up old saved Serialized files inside: Contacts
nov 28, 2016 11:35:11 FM pizza.therealattacka.adressbook.LogHandler LogInfo
INFO: ContactList has been saved to: Contacts
nov 28, 2016 11:35:11 FM pizza.therealattacka.adressbook.LogHandler LogInfo
INFO: AutoSave has saved the userList.
nov 28, 2016 11:35:16 FM pizza.therealattacka.adressbook.LogHandler LogInfo
INFO: Cleaning up old saved Serialized files inside: Contacts
nov 28, 2016 11:35:16 FM pizza.therealattacka.adressbook.LogHandler LogInfo
INFO: ContactList has been saved to: Contacts
nov 28, 2016 11:35:16 FM pizza.therealattacka.adressbook.LogHandler LogInfo
INFO: AutoSave has saved the userList.
nov 28, 2016 11:35:21 FM pizza.therealattacka.adressbook.LogHandler LogInfo
INFO: Cleaning up old saved Serialized files inside: Contacts
nov 28, 2016 11:35:21 FM pizza.therealattacka.adressbook.LogHandler LogInfo
INFO: ContactList has been saved to: Contacts
nov 28, 2016 11:35:21 FM pizza.therealattacka.adressbook.LogHandler LogInfo
INFO: AutoSave has saved the userList.
nov 28, 2016 11:35:26 FM pizza.therealattacka.adressbook.LogHandler LogInfo
INFO: Cleaning up old saved Serialized files inside: Contacts
nov 28, 2016 11:35:26 FM pizza.therealattacka.adressbook.LogHandler LogInfo
INFO: ContactList has been saved to: Contacts
nov 28, 2016 11:35:26 FM pizza.therealattacka.adressbook.LogHandler LogInfo
INFO: AutoSave has saved the userList.
nov 28, 2016 11:35:31 FM pizza.therealattacka.adressbook.LogHandler LogInfo
INFO: Cleaning up old saved Serialized files inside: Contacts
nov 28, 2016 11:35:31 FM pizza.therealattacka.adressbook.LogHandler LogInfo
INFO: ContactList has been saved to: Contacts
nov 28, 2016 11:35:31 FM pizza.therealattacka.adressbook.LogHandler LogInfo
INFO: AutoSave has saved the userList.
nov 28, 2016 11:35:36 FM pizza.therealattacka.adressbook.LogHandler LogInfo
INFO: Cleaning up old saved Serialized files inside: Contacts
nov 28, 2016 11:35:36 FM pizza.therealattacka.adressbook.LogHandler LogInfo
INFO: ContactList has been saved to: Contacts
nov 28, 2016 11:35:36 FM pizza.therealattacka.adressbook.LogHandler LogInfo
INFO: AutoSave has saved the userList.
nov 28, 2016 11:35:41 FM pizza.therealattacka.adressbook.LogHandler LogInfo
INFO: Cleaning up old saved Serialized files inside: Contacts
nov 28, 2016 11:35:41 FM pizza.therealattacka.adressbook.LogHandler LogInfo
INFO: ContactList has been saved to: Contacts
nov 28, 2016 11:35:41 FM pizza.therealattacka.adressbook.LogHandler LogInfo
INFO: AutoSave has saved the userList.
nov 28, 2016 11:35:46 FM pizza.therealattacka.adressbook.LogHandler LogInfo
INFO: Cleaning up old saved Serialized files inside: Contacts
nov 28, 2016 11:35:46 FM pizza.therealattacka.adressbook.LogHandler LogInfo
INFO: ContactList has been saved to: Contacts
nov 28, 2016 11:35:46 FM pizza.therealattacka.adressbook.LogHandler LogInfo
INFO: AutoSave has saved the userList.
nov 28, 2016 11:35:46 FM pizza.therealattacka.adressbook.LogHandler LogInfo
INFO: Application has started closing, waiting for savethread to finish.
nov 28, 2016 11:35:51 FM pizza.therealattacka.adressbook.LogHandler LogInfo
INFO: Cleaning up old saved Serialized files inside: Contacts
nov 28, 2016 11:35:51 FM pizza.therealattacka.adressbook.LogHandler LogInfo
INFO: ContactList has been saved to: Contacts
nov 28, 2016 11:35:51 FM pizza.therealattacka.adressbook.LogHandler LogInfo
INFO: AutoSave has saved the userList.
nov 28, 2016 11:35:51 FM pizza.therealattacka.adressbook.LogHandler LogInfo
INFO: AutoSave thread has stopped.
